Line 79: Class MediaPlayerCtl.MediaPlayer of control player1 was not a loaded control class.
Line 86: The property name AudioStream in player1 is invalid.
Line 88: The property name AutoStart in player1 is invalid.
Line 89: The property name AnimationAtStart in player1 is invalid.
Line 90: The property name AllowScan in player1 is invalid.
Line 91: The property name AllowChangeDisplaySize in player1 is invalid.
Line 92: The property name AutoRewind in player1 is invalid.
Line 93: The property name Balance in player1 is invalid.
Line 94: The property name BaseURL in player1 is invalid.
Line 95: The property name BufferingTime in player1 is invalid.
Line 96: The property name CaptioningID in player1 is invalid.
Line 97: The property name ClickToPlay in player1 is invalid.
Line 98: The property name CursorType in player1 is invalid.
Line 99: The property name CurrentPosition in player1 is invalid.
Line 100: The property name CurrentMarker in player1 is invalid.
Line 101: The property name DefaultFrame in player1 is invalid.
Line 102: The property name DisplayBackColor in player1 is invalid.
Line 103: The property name DisplayForeColor in player1 is invalid.
Line 104: The property name DisplayMode in player1 is invalid.
Line 105: The property name DisplaySize in player1 is invalid.
Line 107: The property name EnableContextMenu in player1 is invalid.
Line 108: The property name EnablePositionControls in player1 is invalid.
Line 109: The property name EnableFullScreenControls in player1 is invalid.
Line 110: The property name EnableTracker in player1 is invalid.
Line 111: The property name Filename in player1 is invalid.
Line 112: The property name InvokeURLs in player1 is invalid.
Line 113: The property name Language in player1 is invalid.
Line 114: The property name Mute in player1 is invalid.
Line 115: The property name PlayCount in player1 is invalid.
Line 116: The property name PreviewMode in player1 is invalid.
Line 117: The property name Rate in player1 is invalid.
Line 118: The property name SAMILang in player1 is invalid.
Line 119: The property name SAMIStyle in player1 is invalid.
Line 120: The property name SAMIFileName in player1 is invalid.
Line 121: The property name SelectionStart in player1 is invalid.
Line 122: The property name SelectionEnd in player1 is invalid.
Line 123: The property name SendOpenStateChangeEvents in player1 is invalid.
Line 124: The property name SendWarningEvents in player1 is invalid.
Line 125: The property name SendErrorEvents in player1 is invalid.
Line 126: The property name SendKeyboardEvents in player1 is invalid.
Line 127: The property name SendMouseClickEvents in player1 is invalid.
Line 128: The property name SendMouseMoveEvents in player1 is invalid.
Line 129: The property name SendPlayStateChangeEvents in player1 is invalid.
Line 130: The property name ShowCaptioning in player1 is invalid.
Line 131: The property name ShowControls in player1 is invalid.
Line 132: The property name ShowAudioControls in player1 is invalid.
Line 133: The property name ShowDisplay in player1 is invalid.
Line 134: The property name ShowGotoBar in player1 is invalid.
Line 135: The property name ShowPositionControls in player1 is invalid.
Line 136: The property name ShowStatusBar in player1 is invalid.
Line 137: The property name ShowTracker in player1 is invalid.
Line 138: The property name TransparentAtStart in player1 is invalid.
Line 139: The property name VideoBorderWidth in player1 is invalid.
Line 140: The property name VideoBorderColor in player1 is invalid.
Line 141: The property name VideoBorder3D in player1 is invalid.
Line 142: The property name Volume in player1 is invalid.
Line 143: The property name WindowlessVideo in player1 is invalid.
